<?xml version="1.0" encoding="UTF-8"?>
<coverage generated="1649317287905" clover="3.2.0">
  <project timestamp="1649317287905" name="All files">
    <metrics statements="61" coveredstatements="60" conditionals="33" coveredconditionals="33" methods="18" coveredmethods="18" elements="112" coveredelements="111" complexity="0" loc="61" ncloc="61" packages="2" files="2" classes="2"/>
    <package name="src">
      <metrics statements="1" coveredstatements="0" conditionals="0" coveredconditionals="0" methods="0" coveredmethods="0"/>
      <file name="App.vue" path="/home/andash/DATA/Work/GeekBrains/Frontend/06_Vue.js/07-lesson/ДЗ-07/calculator/src/App.vue">
        <metrics statements="1" coveredstatements="0" conditionals="0" coveredconditionals="0" methods="0" coveredmethods="0"/>
        <line num="10" count="0" type="stmt"/>
      </file>
    </package>
    <package name="src.components">
      <metrics statements="60" coveredstatements="60" conditionals="33" coveredconditionals="33" methods="18" coveredmethods="18"/>
      <file name="MyCalculator.vue" path="/home/andash/DATA/Work/GeekBrains/Frontend/06_Vue.js/07-lesson/ДЗ-07/calculator/src/components/MyCalculator.vue">
        <metrics statements="60" coveredstatements="60" conditionals="33" coveredconditionals="33" methods="18" coveredmethods="18"/>
        <line num="89" count="9" type="stmt"/>
        <line num="105" count="6" type="stmt"/>
        <line num="106" count="6" type="cond" truecount="6" falsecount="0"/>
        <line num="108" count="1" type="stmt"/>
        <line num="109" count="1" type="stmt"/>
        <line num="111" count="1" type="stmt"/>
        <line num="112" count="1" type="stmt"/>
        <line num="114" count="1" type="stmt"/>
        <line num="115" count="1" type="stmt"/>
        <line num="117" count="1" type="stmt"/>
        <line num="118" count="1" type="stmt"/>
        <line num="120" count="1" type="stmt"/>
        <line num="121" count="1" type="stmt"/>
        <line num="123" count="1" type="stmt"/>
        <line num="124" count="1" type="stmt"/>
        <line num="126" count="6" type="stmt"/>
        <line num="127" count="6" type="stmt"/>
        <line num="128" count="6" type="stmt"/>
        <line num="131" count="2" type="stmt"/>
        <line num="132" count="1" type="stmt"/>
        <line num="133" count="1" type="stmt"/>
        <line num="136" count="2" type="stmt"/>
        <line num="137" count="1" type="stmt"/>
        <line num="138" count="1" type="stmt"/>
        <line num="141" count="2" type="stmt"/>
        <line num="142" count="1" type="stmt"/>
        <line num="143" count="1" type="stmt"/>
        <line num="146" count="2" type="stmt"/>
        <line num="147" count="1" type="stmt"/>
        <line num="148" count="1" type="stmt"/>
        <line num="151" count="2" type="stmt"/>
        <line num="152" count="1" type="stmt"/>
        <line num="153" count="1" type="stmt"/>
        <line num="156" count="2" type="stmt"/>
        <line num="157" count="1" type="stmt"/>
        <line num="158" count="1" type="stmt"/>
        <line num="167" count="168" type="cond" truecount="5" falsecount="0"/>
        <line num="168" count="36" type="stmt"/>
        <line num="170" count="132" type="stmt"/>
        <line num="173" count="198" type="cond" truecount="2" falsecount="0"/>
        <line num="176" count="36" type="cond" truecount="2" falsecount="0"/>
        <line num="177" count="18" type="cond" truecount="4" falsecount="0"/>
        <line num="178" count="9" type="stmt"/>
        <line num="179" count="9" type="cond" truecount="3" falsecount="0"/>
        <line num="180" count="9" type="stmt"/>
        <line num="182" count="18" type="cond" truecount="4" falsecount="0"/>
        <line num="183" count="9" type="stmt"/>
        <line num="184" count="9" type="cond" truecount="3" falsecount="0"/>
        <line num="185" count="9" type="stmt"/>
        <line num="200" count="6" type="stmt"/>
        <line num="203" count="6" type="stmt"/>
        <line num="206" count="15" type="stmt"/>
        <line num="209" count="15" type="stmt"/>
        <line num="212" count="10" type="stmt"/>
        <line num="221" count="3" type="cond" truecount="2" falsecount="0"/>
        <line num="222" count="2" type="stmt"/>
        <line num="224" count="1" type="stmt"/>
        <line num="228" count="3" type="cond" truecount="2" falsecount="0"/>
        <line num="229" count="1" type="stmt"/>
        <line num="231" count="2" type="stmt"/>
      </file>
    </package>
  </project>
</coverage>
