TN:
SF:src/App.vue
FNF:0
FNH:0
DA:10,0
LF:1
LH:0
BRF:0
BRH:0
end_of_record
TN:
SF:src/components/MyCalculator.vue
FN:88,data
FN:104,calculate
FN:130,summ
FN:135,diff
FN:140,divide
FN:145,multiply
FN:150,degree
FN:155,intDivide
FN:166,getBtnStatusDisabled
FN:172,fib
FN:175,numberKeyDown
FN:199,fibb1
FN:202,fibb2
FN:205,resultComputed
FN:208,fibResultComputed
FN:211,screenKeyboard
FN:220,radioOperand1
FN:227,radioOperand2
FNF:18
FNH:18
FNDA:9,data
FNDA:6,calculate
FNDA:1,summ
FNDA:1,diff
FNDA:1,divide
FNDA:1,multiply
FNDA:1,degree
FNDA:1,intDivide
FNDA:168,getBtnStatusDisabled
FNDA:198,fib
FNDA:36,numberKeyDown
FNDA:6,fibb1
FNDA:6,fibb2
FNDA:15,resultComputed
FNDA:15,fibResultComputed
FNDA:10,screenKeyboard
FNDA:3,radioOperand1
FNDA:3,radioOperand2
DA:89,9
DA:105,6
DA:106,6
DA:108,1
DA:109,1
DA:111,1
DA:112,1
DA:114,1
DA:115,1
DA:117,1
DA:118,1
DA:120,1
DA:121,1
DA:123,1
DA:124,1
DA:126,6
DA:127,6
DA:128,6
DA:131,2
DA:132,1
DA:133,1
DA:136,2
DA:137,1
DA:138,1
DA:141,2
DA:142,1
DA:143,1
DA:146,2
DA:147,1
DA:148,1
DA:151,2
DA:152,1
DA:153,1
DA:156,2
DA:157,1
DA:158,1
DA:167,168
DA:168,36
DA:170,132
DA:173,198
DA:176,36
DA:177,18
DA:178,9
DA:179,9
DA:180,9
DA:182,18
DA:183,9
DA:184,9
DA:185,9
DA:200,6
DA:203,6
DA:206,15
DA:209,15
DA:212,10
DA:221,3
DA:222,2
DA:224,1
DA:228,3
DA:229,1
DA:231,2
LF:60
LH:60
BRDA:106,0,0,1
BRDA:106,0,1,1
BRDA:106,0,2,1
BRDA:106,0,3,1
BRDA:106,0,4,1
BRDA:106,0,5,1
BRDA:167,1,0,36
BRDA:167,2,0,168
BRDA:167,2,1,28
BRDA:167,2,2,150
BRDA:167,2,3,28
BRDA:173,3,0,105
BRDA:173,3,1,93
BRDA:176,4,0,18
BRDA:176,4,1,18
BRDA:177,5,0,9
BRDA:177,5,1,9
BRDA:177,6,0,18
BRDA:177,6,1,9
BRDA:179,7,0,9
BRDA:179,8,0,9
BRDA:179,8,1,9
BRDA:182,9,0,9
BRDA:182,9,1,9
BRDA:182,10,0,18
BRDA:182,10,1,9
BRDA:184,11,0,9
BRDA:184,12,0,9
BRDA:184,12,1,9
BRDA:221,13,0,2
BRDA:221,13,1,1
BRDA:228,14,0,1
BRDA:228,14,1,2
BRF:33
BRH:33
end_of_record
